[17:19:23] [main/INFO]: Setting user: Player281
[17:19:25] [Client thread/INFO]: LWJGL Version: 2.9.1
[17:19:30] [Client thread/INFO]: Reloading ResourceManager: Default, FMLFileResourcePack:Forge Mod Loader, FMLFileResourcePack:Minecraft Forge, FMLFileResourcePack:Not Enough Items, FMLFileResourcePack:Forge Microblocks, FMLFileResourcePack:Forge Multipart, FMLFileResourcePack:Minecraft Multipart Plugin, FMLFileResourcePack:Runes
[17:19:32] [Sound Library Loader/INFO]: Sound engine started
[17:19:33] [Client thread/ERROR]: Using missing texture, unable to load runes:textures/blocks/rune.png
java.io.FileNotFoundException: runes:textures/blocks/rune.png
	at net.minecraft.client.resources.FallbackResourceManager.getResource(FallbackResourceManager.java:65) ~[FallbackResourceManager.class:?]
	at net.minecraft.client.resources.SimpleReloadableResourceManager.getResource(SimpleReloadableResourceManager.java:67) ~[SimpleReloadableResourceManager.class:?]
	at net.minecraft.client.renderer.texture.TextureMap.loadTextureAtlas(TextureMap.java:126) [TextureMap.class:?]
	at net.minecraft.client.renderer.texture.TextureMap.loadTexture(TextureMap.java:91) [TextureMap.class:?]
	at net.minecraft.client.renderer.texture.TextureManager.loadTexture(TextureManager.java:89) [TextureManager.class:?]
	at net.minecraft.client.renderer.texture.TextureManager.loadTickableTexture(TextureManager.java:71) [TextureManager.class:?]
	at net.minecraft.client.renderer.texture.TextureManager.loadTextureMap(TextureManager.java:58) [TextureManager.class:?]
	at net.minecraft.client.Minecraft.startGame(Minecraft.java:582) [Minecraft.class:?]
	at net.minecraft.client.Minecraft.run(Minecraft.java:931) [Minecraft.class:?]
	at net.minecraft.client.main.Main.main(Main.java:164) [Main.class:?]
	at sun.reflect.NativeMethodAccessorImpl.invoke0(Native Method) ~[?:1.8.0_05]
	at sun.reflect.NativeMethodAccessorImpl.invoke(NativeMethodAccessorImpl.java:62) ~[?:1.8.0_05]
	at sun.reflect.DelegatingMethodAccessorImpl.invoke(DelegatingMethodAccessorImpl.java:43) ~[?:1.8.0_05]
	at java.lang.reflect.Method.invoke(Method.java:483) ~[?:1.8.0_05]
	at net.minecraft.launchwrapper.Launch.launch(Launch.java:135) [launchwrapper-1.11.jar:?]
	at net.minecraft.launchwrapper.Launch.main(Launch.java:28) [launchwrapper-1.11.jar:?]
	at net.minecraftforge.gradle.GradleStartCommon.launch(GradleStartCommon.java:78) [start/:?]
	at GradleStart.main(GradleStart.java:45) [start/:?]
[17:19:33] [Client thread/INFO]: Created: 512x512 textures/blocks-atlas
[17:19:33] [Client thread/INFO]: Created: 512x256 textures/items-atlas
[17:19:33] [Client thread/INFO]: Reloading ResourceManager: Default, FMLFileResourcePack:Forge Mod Loader, FMLFileResourcePack:Minecraft Forge, FMLFileResourcePack:Not Enough Items, FMLFileResourcePack:Forge Microblocks, FMLFileResourcePack:Forge Multipart, FMLFileResourcePack:Minecraft Multipart Plugin, FMLFileResourcePack:Runes
[17:19:33] [Client thread/ERROR]: Using missing texture, unable to load runes:textures/blocks/rune.png
java.io.FileNotFoundException: runes:textures/blocks/rune.png
	at net.minecraft.client.resources.FallbackResourceManager.getResource(FallbackResourceManager.java:65) ~[FallbackResourceManager.class:?]
	at net.minecraft.client.resources.SimpleReloadableResourceManager.getResource(SimpleReloadableResourceManager.java:67) ~[SimpleReloadableResourceManager.class:?]
	at net.minecraft.client.renderer.texture.TextureMap.loadTextureAtlas(TextureMap.java:126) [TextureMap.class:?]
	at net.minecraft.client.renderer.texture.TextureMap.loadTexture(TextureMap.java:91) [TextureMap.class:?]
	at net.minecraft.client.renderer.texture.TextureManager.loadTexture(TextureManager.java:89) [TextureManager.class:?]
	at net.minecraft.client.renderer.texture.TextureManager.onResourceManagerReload(TextureManager.java:170) [TextureManager.class:?]
	at net.minecraft.client.resources.SimpleReloadableResourceManager.notifyReloadListeners(SimpleReloadableResourceManager.java:134) [SimpleReloadableResourceManager.class:?]
	at net.minecraft.client.resources.SimpleReloadableResourceManager.reloadResources(SimpleReloadableResourceManager.java:118) [SimpleReloadableResourceManager.class:?]
	at net.minecraft.client.Minecraft.refreshResources(Minecraft.java:643) [Minecraft.class:?]
	at cpw.mods.fml.client.FMLClientHandler.finishMinecraftLoading(FMLClientHandler.java:303) [FMLClientHandler.class:?]
	at net.minecraft.client.Minecraft.startGame(Minecraft.java:586) [Minecraft.class:?]
	at net.minecraft.client.Minecraft.run(Minecraft.java:931) [Minecraft.class:?]
	at net.minecraft.client.main.Main.main(Main.java:164) [Main.class:?]
	at sun.reflect.NativeMethodAccessorImpl.invoke0(Native Method) ~[?:1.8.0_05]
	at sun.reflect.NativeMethodAccessorImpl.invoke(NativeMethodAccessorImpl.java:62) ~[?:1.8.0_05]
	at sun.reflect.DelegatingMethodAccessorImpl.invoke(DelegatingMethodAccessorImpl.java:43) ~[?:1.8.0_05]
	at java.lang.reflect.Method.invoke(Method.java:483) ~[?:1.8.0_05]
	at net.minecraft.launchwrapper.Launch.launch(Launch.java:135) [launchwrapper-1.11.jar:?]
	at net.minecraft.launchwrapper.Launch.main(Launch.java:28) [launchwrapper-1.11.jar:?]
	at net.minecraftforge.gradle.GradleStartCommon.launch(GradleStartCommon.java:78) [start/:?]
	at GradleStart.main(GradleStart.java:45) [start/:?]
[17:19:34] [Client thread/INFO]: Created: 512x512 textures/blocks-atlas
[17:19:34] [Client thread/INFO]: Created: 512x256 textures/items-atlas
[17:19:34] [Sound Library Loader/INFO]: Sound engine started
[17:19:42] [Server thread/INFO]: Starting integrated minecraft server version 1.7.10
[17:19:42] [Server thread/INFO]: Generating keypair
[17:19:42] [Server thread/INFO]: Preparing start region for level 0
[17:19:43] [Server thread/INFO]: Changing view distance to 12, from 10
[17:19:44] [Server thread/INFO]: Player281[local:E:a1ebb9b0] logged in with entity id 366 at (-842.5406990109585, 4.0, 1564.3793927606337)
[17:19:44] [Server thread/INFO]: Player281 joined the game
[17:19:50] [Server thread/INFO]: Player281 has just earned the achievement [Taking Inventory]
[17:19:50] [Client thread/INFO]: [CHAT] Player281 has just earned the achievement [Taking Inventory]
[17:21:44] [Server thread/INFO]: Saving and pausing game...
[17:21:44] [Server thread/INFO]: Saving chunks for level 'New World'/Overworld
[17:21:44] [Server thread/INFO]: Saving chunks for level 'New World'/Nether
[17:21:44] [Server thread/INFO]: Saving chunks for level 'New World'/The End
[17:21:44] [Server thread/INFO]: Stopping server
[17:21:44] [Server thread/INFO]: Saving players
[17:21:44] [Server thread/INFO]: Saving worlds
[17:21:44] [Server thread/INFO]: Saving chunks for level 'New World'/Overworld
[17:21:44] [Server thread/INFO]: Saving chunks for level 'New World'/Nether
[17:21:44] [Server thread/INFO]: Saving chunks for level 'New World'/The End
[17:21:45] [Client thread/INFO]: Stopping!
